RUN	computerdatabase.ComputerDatabaseSimulation	computerdatabasesimulation	1667741455755	 	3.8.4
USER	Users	START	1667741456722
USER	Admins	START	1667741456723
USER	Users	START	1667741457651
REQUEST		Home	1667741456696	1667741457819	OK	 
REQUEST		Home Redirect 1	1667741457826	1667741458113	OK	 
USER	Users	START	1667741458646
REQUEST		Home	1667741457650	1667741458741	OK	 
REQUEST		Home Redirect 1	1667741458742	1667741459020	OK	 
REQUEST		Home	1667741456692	1667741459381	OK	 
REQUEST		Search	1667741459147	1667741459423	OK	 
USER	Users	START	1667741459642
REQUEST		Home	1667741458645	1667741459757	OK	 
REQUEST		Home Redirect 1	1667741459381	1667741459928	OK	 
REQUEST		Home Redirect 1	1667741459757	1667741460044	OK	 
REQUEST		Search	1667741460032	1667741460307	OK	 
USER	Users	START	1667741460714
REQUEST		Home	1667741459642	1667741460749	OK	 
REQUEST		Select	1667741460542	1667741460819	OK	 
REQUEST		Home Redirect 1	1667741460750	1667741461028	OK	 
REQUEST		Search	1667741460954	1667741461231	OK	 
REQUEST		Search	1667741461106	1667741461389	OK	 
REQUEST		Select	1667741461321	1667741461600	OK	 
USER	Admins	START	1667741461650
USER	Users	START	1667741461665
REQUEST		Page 0	1667741461823	1667741462095	OK	 
REQUEST		Search	1667741462040	1667741462323	OK	 
USER	Users	START	1667741462632
REQUEST		Select	1667741462398	1667741462677	OK	 
REQUEST		Home	1667741461649	1667741462763	OK	 
REQUEST		Page 0	1667741462616	1667741462893	OK	 
REQUEST		Page 1	1667741463109	1667741463387	OK	 
REQUEST		Select	1667741462270	1667741463426	OK	 
REQUEST		Select	1667741463344	1667741463626	OK	 
USER	Users	START	1667741463644
REQUEST		Home	1667741462632	1667741463726	OK	 
REQUEST		Home	1667741461665	1667741463791	OK	 
REQUEST		Home Redirect 1	1667741462764	1667741463880	OK	 
REQUEST		Page 0	1667741463693	1667741463972	OK	 
REQUEST		Home Redirect 1	1667741463726	1667741464004	OK	 
REQUEST		Home Redirect 1	1667741463792	1667741464068	OK	 
REQUEST		Page 1	1667741463895	1667741464174	OK	 
USER	Users	START	1667741464645
REQUEST		Page 2	1667741464391	1667741464662	OK	 
REQUEST		Page 0	1667741464438	1667741464718	OK	 
REQUEST		Home	1667741463643	1667741464754	OK	 
REQUEST		Page 0	1667741464646	1667741464937	OK	 
REQUEST		Home Redirect 1	1667741464754	1667741465030	OK	 
REQUEST		Search	1667741464892	1667741465174	OK	 
REQUEST		Search	1667741465019	1667741465292	OK	 
REQUEST		Search	1667741465082	1667741465356	OK	 
REQUEST		Page 2	1667741465190	1667741465463	OK	 
USER	Users	START	1667741465644
REQUEST		Home	1667741464644	1667741465736	OK	 
REQUEST		Page 1	1667741465721	1667741465999	OK	 
REQUEST		Home Redirect 1	1667741465736	1667741466011	OK	 
REQUEST		Page 1	1667741465943	1667741466221	OK	 
REQUEST		Search	1667741466033	1667741466315	OK	 
REQUEST		Page 1	1667741464986	1667741466406	OK	 
REQUEST		Select	1667741466190	1667741466469	OK	 
REQUEST		Select	1667741466299	1667741466589	OK	 
REQUEST		Select	1667741466386	1667741466654	OK	 
REQUEST		Home	1667741460713	1667741466659	OK	 
REQUEST		Home	1667741465643	1667741466741	OK	 
REQUEST		Page 3	1667741466471	1667741466743	OK	 
REQUEST		Page 3	1667741465682	1667741466768	OK	 
REQUEST		Home Redirect 1	1667741466659	1667741466936	OK	 
REQUEST		Home Redirect 1	1667741466741	1667741467015	OK	 
REQUEST		Page 2	1667741467020	1667741467296	OK	 
REQUEST		Search	1667741467024	1667741467300	OK	 
REQUEST		Page 2	1667741467232	1667741467509	OK	 
REQUEST		Select	1667741467325	1667741467605	OK	 
REQUEST		Page 0	1667741467482	1667741467752	OK	 
REQUEST		Page 0	1667741467591	1667741467871	OK	 
REQUEST		Page 0	1667741467655	1667741467933	OK	 
REQUEST		Page 4	1667741467748	1667741468019	OK	 
REQUEST		Page 4	1667741467779	1667741468051	OK	 
REQUEST		Search	1667741468031	1667741468306	OK	 
REQUEST		Page 3	1667741468297	1667741468572	OK	 
REQUEST		Select	1667741468318	1667741468595	OK	 
REQUEST		Page 3	1667741468511	1667741468787	OK	 
REQUEST		Page 0	1667741468607	1667741468892	OK	 
USER	Users	END	1667741469022
REQUEST		Page 1	1667741468760	1667741469039	OK	 
REQUEST		Page 1	1667741468872	1667741469143	OK	 
REQUEST		Form	1667741469052	1667741469327	OK	 
REQUEST		Page 2	1667741467420	1667741469366	OK	 
REQUEST		Select	1667741469312	1667741469591	OK	 
REQUEST		Page 4	1667741469577	1667741469848	OK	 
REQUEST		Page 0	1667741469608	1667741469885	OK	 
REQUEST		Page 1	1667741468934	1667741470038	OK	 
REQUEST		Page 4	1667741469796	1667741470068	OK	 
REQUEST		Page 1	1667741469905	1667741470178	OK	 
REQUEST		Page 2	1667741470045	1667741470314	OK	 
REQUEST		Page 2	1667741470154	1667741470429	OK	 
REQUEST		Post	1667741470341	1667741470616	KO	status.find.is(201), but actually found 400
USER	Admins	END	1667741470619
REQUEST		Search	1667741467938	1667741470631	OK	 
USER	Users	END	1667741470859
REQUEST		Page 0	1667741470607	1667741470883	OK	 
REQUEST		Page 3	1667741470373	1667741470928	OK	 
USER	Users	END	1667741471077
REQUEST		Page 1	1667741470890	1667741471167	OK	 
REQUEST		Page 2	1667741471045	1667741471317	OK	 
REQUEST		Page 2	1667741471186	1667741471465	OK	 
REQUEST		Page 3	1667741471326	1667741471600	OK	 
REQUEST		Page 3	1667741471436	1667741471717	OK	 
REQUEST		Page 1	1667741471888	1667741472169	OK	 
REQUEST		Page 2	1667741472169	1667741472460	OK	 
REQUEST		Page 4	1667741471935	1667741472487	OK	 
REQUEST		Page 3	1667741472481	1667741472762	OK	 
REQUEST		Page 4	1667741472605	1667741472875	OK	 
REQUEST		Page 4	1667741472730	1667741472999	OK	 
REQUEST		Select	1667741471638	1667741473156	OK	 
REQUEST		Page 3	1667741472325	1667741473416	OK	 
REQUEST		Page 2	1667741473185	1667741473459	OK	 
USER	Users	END	1667741473497
REQUEST		Page 3	1667741473465	1667741473736	OK	 
USER	Users	END	1667741474012
REQUEST		Page 4	1667741473778	1667741474055	OK	 
REQUEST		Form	1667741473886	1667741474159	OK	 
REQUEST		Page 4	1667741474433	1667741474706	OK	 
REQUEST		Page 3	1667741474465	1667741474741	OK	 
REQUEST		Page 4	1667741474749	1667741475024	OK	 
USER	Users	END	1667741475062
REQUEST		Post	1667741475170	1667741475447	KO	status.find.is(200), but actually found 400
USER	Admins	END	1667741475448
USER	Users	END	1667741475716
REQUEST		Page 4	1667741475747	1667741476020	OK	 
USER	Users	END	1667741476028
REQUEST		Page 0	1667741474168	1667741476158	OK	 
USER	Users	END	1667741477027
REQUEST		Page 1	1667741477169	1667741478662	OK	 
REQUEST		Page 2	1667741479664	1667741480208	OK	 
REQUEST		Page 3	1667741481210	1667741483554	OK	 
REQUEST		Page 4	1667741484569	1667741485118	OK	 
USER	Users	END	1667741486130
